<?xml version="1.0" encoding="UTF-8"?>
<!-- Generated by org.testng.reporters.JUnitReportReporter -->
<testsuite hostname="DESKTOP-UEHVQOH" failures="0" tests="1" name="testcase.MyFirstTestFW" time="3.495" errors="0" timestamp="2023-12-19T12:06:44 IST" skipped="0">
  <testcase classname="testcase.MyFirstTestFW" name="SearchTest" time="3.495"/>
</testsuite> <!-- testcase.MyFirstTestFW -->
